[2025-01-31 15:03:08 INFO main] [com.greenart.security.SecurityApplication] Starting SecurityApplication using Java 17.0.12 with PID 6616 (D:\Students\yjw\springgittest\build\classes\java\main started by Administrator in D:\Students\yjw\springgittest)
[2025-01-31 15:03:08 INFO main] [com.greenart.security.SecurityApplication] No active profile set, falling back to 1 default profile: "default"
[2025-01-31 15:03:09 INFO main] [org.springframework.boot.web.embedded.tomcat.TomcatWebServer] Tomcat initialized with port 8080 (http)
[2025-01-31 15:03:09 INFO main] [org.apache.coyote.http11.Http11NioProtocol] Initializing ProtocolHandler ["http-nio-8080"]
[2025-01-31 15:03:09 INFO main] [org.apache.catalina.core.StandardService] Starting service [Tomcat]
[2025-01-31 15:03:09 INFO main] [org.apache.catalina.core.StandardEngine] Starting Servlet engine: [Apache Tomcat/10.1.34]
[2025-01-31 15:03:09 INFO main] [org.apache.catalina.core.ContainerBase.[Tomcat].[localhost].[/]] Initializing Spring embedded WebApplicationContext
[2025-01-31 15:03:09 INFO main] [org.springframework.boot.web.servlet.context.ServletWebServerApplicationContext] Root WebApplicationContext: initialization completed in 747 ms
[2025-01-31 15:03:09 WARN main] [org.springframework.boot.autoconfigure.security.servlet.UserDetailsServiceAutoConfiguration] 

Using generated security password: 5bd66a0d-9a4f-43d0-8fc5-e0ff886e3a08

This generated password is for development use only. Your security configuration must be updated before running your application in production.

[2025-01-31 15:03:09 INFO main] [org.springframework.security.config.annotation.authentication.configuration.InitializeUserDetailsBeanManagerConfigurer$InitializeUserDetailsManagerConfigurer] Global AuthenticationManager configured with UserDetailsService bean with name inMemoryUserDetailsManager
[2025-01-31 15:03:09 INFO main] [org.apache.coyote.http11.Http11NioProtocol] Starting ProtocolHandler ["http-nio-8080"]
[2025-01-31 15:03:09 INFO main] [org.springframework.boot.web.embedded.tomcat.TomcatWebServer] Tomcat started on port 8080 (http) with context path '/'
[2025-01-31 15:03:09 INFO main] [com.greenart.security.SecurityApplication] Started SecurityApplication in 1.703 seconds (process running for 2.042)
[2025-01-31 15:03:19 INFO http-nio-8080-exec-1] [org.apache.catalina.core.ContainerBase.[Tomcat].[localhost].[/]] Initializing Spring DispatcherServlet 'dispatcherServlet'
[2025-01-31 15:03:19 INFO http-nio-8080-exec-1] [org.springframework.web.servlet.DispatcherServlet] Initializing Servlet 'dispatcherServlet'
[2025-01-31 15:03:19 INFO http-nio-8080-exec-1] [org.springframework.web.servlet.DispatcherServlet] Completed initialization in 1 ms
[2025-01-31 15:03:28 INFO http-nio-8080-exec-7] [com.greenart.security.controller.KakaoService] kakaoDto = KakaoReadyDto(tid=T79c67af222b2ae79f7d, nextRedirectPcUrl=https://online-payment.kakaopay.com/mockup/bridge/pc/pg/one-time/payment/96b2bb5528b89d95a0b9fdcd59a0de2faf246d196adeb16d32a235d8c4e31223, createdAt=2025-01-31T15:03:27, partnerOrderId=null, partnerUserId=null)
[2025-01-31 15:04:01 INFO http-nio-8080-exec-9] [com.greenart.security.controller.KakaoService] approveDto = KakaoApproveDto(aid=A79c67cf43b6235ad9ea, paymentMethodType=MONEY, amount=Amount(total=20000, taxFree=null, vat=1727, point=0, discount=0, greenDeposit=0), cardInfo=null)
[2025-01-31 15:05:47 INFO SpringApplicationShutdownHook] [org.springframework.boot.web.embedded.tomcat.GracefulShutdown] Commencing graceful shutdown. Waiting for active requests to complete
[2025-01-31 15:05:47 INFO tomcat-shutdown] [org.springframework.boot.web.embedded.tomcat.GracefulShutdown] Graceful shutdown complete
